<?xml version="1.0" encoding="UTF-8"?>
<testsuite xmlns:xsi="http://www.w3.org/2001/XMLSchema-instance" xsi:noNamespaceSchemaLocation="https://maven.apache.org/surefire/maven-surefire-plugin/xsd/surefire-test-report.xsd" name="com.zhubun.spring_cache.SpringCacheApplicationTests" time="0.026" tests="1" errors="0" skipped="0" failures="0">
  <properties>
    <property name="sun.desktop" value="windows"/>
    <property name="awt.toolkit" value="sun.awt.windows.WToolkit"/>
    <property name="file.encoding.pkg" value="sun.io"/>
    <property name="java.specification.version" value="1.8"/>
    <property name="sun.cpu.isalist" value="amd64"/>
    <property name="sun.jnu.encoding" value="GBK"/>
    <property name="java.class.path" value="D:\IdeaProjects\Spring-Boot_cache\target\test-classes;D:\IdeaProjects\Spring-Boot_cache\target\classes;D:\Program Files\Java\repository\org\springframework\boot\spring-boot-starter-data-redis\2.2.6.RELEASE\spring-boot-starter-data-redis-2.2.6.RELEASE.jar;D:\Program Files\Java\repository\org\springframework\boot\spring-boot-starter\2.2.6.RELEASE\spring-boot-starter-2.2.6.RELEASE.jar;D:\Program Files\Java\repository\org\springframework\boot\spring-boot\2.2.6.RELEASE\spring-boot-2.2.6.RELEASE.jar;D:\Program Files\Java\repository\org\springframework\boot\spring-boot-autoconfigure\2.2.6.RELEASE\spring-boot-autoconfigure-2.2.6.RELEASE.jar;D:\Program Files\Java\repository\jakarta\annotation\jakarta.annotation-api\1.3.5\jakarta.annotation-api-1.3.5.jar;D:\Program Files\Java\repository\org\yaml\snakeyaml\1.25\snakeyaml-1.25.jar;D:\Program Files\Java\repository\org\springframework\data\spring-data-redis\2.2.6.RELEASE\spring-data-redis-2.2.6.RELEASE.jar;D:\Program Files\Java\repository\org\springframework\data\spring-data-keyvalue\2.2.6.RELEASE\spring-data-keyvalue-2.2.6.RELEASE.jar;D:\Program Files\Java\repository\org\springframework\spring-tx\5.2.5.RELEASE\spring-tx-5.2.5.RELEASE.jar;D:\Program Files\Java\repository\org\springframework\spring-oxm\5.2.5.RELEASE\spring-oxm-5.2.5.RELEASE.jar;D:\Program Files\Java\repository\org\springframework\spring-context-support\5.2.5.RELEASE\spring-context-support-5.2.5.RELEASE.jar;D:\Program Files\Java\repository\io\lettuce\lettuce-core\5.2.2.RELEASE\lettuce-core-5.2.2.RELEASE.jar;D:\Program Files\Java\repository\io\netty\netty-common\4.1.48.Final\netty-common-4.1.48.Final.jar;D:\Program Files\Java\repository\io\netty\netty-handler\4.1.48.Final\netty-handler-4.1.48.Final.jar;D:\Program Files\Java\repository\io\netty\netty-resolver\4.1.48.Final\netty-resolver-4.1.48.Final.jar;D:\Program Files\Java\repository\io\netty\netty-buffer\4.1.48.Final\netty-buffer-4.1.48.Final.jar;D:\Program Files\Java\repository\io\netty\netty-codec\4.1.48.Final\netty-codec-4.1.48.Final.jar;D:\Program Files\Java\repository\io\netty\netty-transport\4.1.48.Final\netty-transport-4.1.48.Final.jar;D:\Program Files\Java\repository\io\projectreactor\reactor-core\3.3.4.RELEASE\reactor-core-3.3.4.RELEASE.jar;D:\Program Files\Java\repository\org\reactivestreams\reactive-streams\1.0.3\reactive-streams-1.0.3.jar;D:\Program Files\Java\repository\org\springframework\boot\spring-boot-starter-data-elasticsearch\2.2.6.RELEASE\spring-boot-starter-data-elasticsearch-2.2.6.RELEASE.jar;D:\Program Files\Java\repository\org\springframework\data\spring-data-elasticsearch\3.2.6.RELEASE\spring-data-elasticsearch-3.2.6.RELEASE.jar;D:\Program Files\Java\repository\org\springframework\spring-context\5.2.5.RELEASE\spring-context-5.2.5.RELEASE.jar;D:\Program Files\Java\repository\org\springframework\data\spring-data-commons\2.2.6.RELEASE\spring-data-commons-2.2.6.RELEASE.jar;D:\Program Files\Java\repository\joda-time\joda-time\2.10.5\joda-time-2.10.5.jar;D:\Program Files\Java\repository\org\elasticsearch\client\transport\6.8.7\transport-6.8.7.jar;D:\Program Files\Java\repository\org\elasticsearch\elasticsearch\6.8.7\elasticsearch-6.8.7.jar;D:\Program Files\Java\repository\org\elasticsearch\elasticsearch-core\6.8.7\elasticsearch-core-6.8.7.jar;D:\Program Files\Java\repository\org\elasticsearch\elasticsearch-secure-sm\6.8.7\elasticsearch-secure-sm-6.8.7.jar;D:\Program Files\Java\repository\org\elasticsearch\elasticsearch-x-content\6.8.7\elasticsearch-x-content-6.8.7.jar;D:\Program Files\Java\repository\com\fasterxml\jackson\dataformat\jackson-dataformat-smile\2.10.3\jackson-dataformat-smile-2.10.3.jar;D:\Program Files\Java\repository\com\fasterxml\jackson\dataformat\jackson-dataformat-yaml\2.10.3\jackson-dataformat-yaml-2.10.3.jar;D:\Program Files\Java\repository\com\fasterxml\jackson\dataformat\jackson-dataformat-cbor\2.10.3\jackson-dataformat-cbor-2.10.3.jar;D:\Program Files\Java\repository\org\apache\lucene\lucene-core\7.7.2\lucene-core-7.7.2.jar;D:\Program Files\Java\repository\org\apache\lucene\lucene-analyzers-common\7.7.2\lucene-analyzers-common-7.7.2.jar;D:\Program Files\Java\repository\org\apache\lucene\lucene-backward-codecs\7.7.2\lucene-backward-codecs-7.7.2.jar;D:\Program Files\Java\repository\org\apache\lucene\lucene-grouping\7.7.2\lucene-grouping-7.7.2.jar;D:\Program Files\Java\repository\org\apache\lucene\lucene-highlighter\7.7.2\lucene-highlighter-7.7.2.jar;D:\Program Files\Java\repository\org\apache\lucene\lucene-join\7.7.2\lucene-join-7.7.2.jar;D:\Program Files\Java\repository\org\apache\lucene\lucene-memory\7.7.2\lucene-memory-7.7.2.jar;D:\Program Files\Java\repository\org\apache\lucene\lucene-misc\7.7.2\lucene-misc-7.7.2.jar;D:\Program Files\Java\repository\org\apache\lucene\lucene-queries\7.7.2\lucene-queries-7.7.2.jar;D:\Program Files\Java\repository\org\apache\lucene\lucene-queryparser\7.7.2\lucene-queryparser-7.7.2.jar;D:\Program Files\Java\repository\org\apache\lucene\lucene-sandbox\7.7.2\lucene-sandbox-7.7.2.jar;D:\Program Files\Java\repository\org\apache\lucene\lucene-spatial\7.7.2\lucene-spatial-7.7.2.jar;D:\Program Files\Java\repository\org\apache\lucene\lucene-spatial-extras\7.7.2\lucene-spatial-extras-7.7.2.jar;D:\Program Files\Java\repository\org\apache\lucene\lucene-spatial3d\7.7.2\lucene-spatial3d-7.7.2.jar;D:\Program Files\Java\repository\org\apache\lucene\lucene-suggest\7.7.2\lucene-suggest-7.7.2.jar;D:\Program Files\Java\repository\org\elasticsearch\elasticsearch-cli\6.8.7\elasticsearch-cli-6.8.7.jar;D:\Program Files\Java\repository\net\sf\jopt-simple\jopt-simple\5.0.2\jopt-simple-5.0.2.jar;D:\Program Files\Java\repository\com\carrotsearch\hppc\0.7.1\hppc-0.7.1.jar;D:\Program Files\Java\repository\com\tdunning\t-digest\3.2\t-digest-3.2.jar;D:\Program Files\Java\repository\org\hdrhistogram\HdrHistogram\2.1.9\HdrHistogram-2.1.9.jar;D:\Program Files\Java\repository\org\elasticsearch\jna\4.5.1\jna-4.5.1.jar;D:\Program Files\Java\repository\org\elasticsearch\plugin\reindex-client\6.8.7\reindex-client-6.8.7.jar;D:\Program Files\Java\repository\org\elasticsearch\elasticsearch-ssl-config\6.8.7\elasticsearch-ssl-config-6.8.7.jar;D:\Program Files\Java\repository\org\elasticsearch\plugin\lang-mustache-client\6.8.7\lang-mustache-client-6.8.7.jar;D:\Program Files\Java\repository\com\github\spullara\mustache\java\compiler\0.9.3\compiler-0.9.3.jar;D:\Program Files\Java\repository\org\elasticsearch\plugin\percolator-client\6.8.7\percolator-client-6.8.7.jar;D:\Program Files\Java\repository\org\elasticsearch\plugin\parent-join-client\6.8.7\parent-join-client-6.8.7.jar;D:\Program Files\Java\repository\org\elasticsearch\plugin\rank-eval-client\6.8.7\rank-eval-client-6.8.7.jar;D:\Program Files\Java\repository\org\elasticsearch\plugin\transport-netty4-client\6.8.7\transport-netty4-client-6.8.7.jar;D:\Program Files\Java\repository\io\netty\netty-codec-http\4.1.48.Final\netty-codec-http-4.1.48.Final.jar;D:\Program Files\Java\repository\org\elasticsearch\client\elasticsearch-rest-high-level-client\6.8.7\elasticsearch-rest-high-level-client-6.8.7.jar;D:\Program Files\Java\repository\org\elasticsearch\client\elasticsearch-rest-client\6.8.7\elasticsearch-rest-client-6.8.7.jar;D:\Program Files\Java\repository\org\apache\httpcomponents\httpclient\4.5.12\httpclient-4.5.12.jar;D:\Program Files\Java\repository\org\apache\httpcomponents\httpcore\4.4.13\httpcore-4.4.13.jar;D:\Program Files\Java\repository\org\apache\httpcomponents\httpasyncclient\4.1.4\httpasyncclient-4.1.4.jar;D:\Program Files\Java\repository\org\apache\httpcomponents\httpcore-nio\4.4.13\httpcore-nio-4.4.13.jar;D:\Program Files\Java\repository\commons-codec\commons-codec\1.13\commons-codec-1.13.jar;D:\Program Files\Java\repository\org\elasticsearch\plugin\aggs-matrix-stats-client\6.8.7\aggs-matrix-stats-client-6.8.7.jar;D:\Program Files\Java\repository\com\fasterxml\jackson\core\jackson-core\2.10.3\jackson-core-2.10.3.jar;D:\Program Files\Java\repository\com\fasterxml\jackson\core\jackson-databind\2.10.3\jackson-databind-2.10.3.jar;D:\Program Files\Java\repository\org\springframework\boot\spring-boot-starter-web\2.2.6.RELEASE\spring-boot-starter-web-2.2.6.RELEASE.jar;D:\Program Files\Java\repository\org\springframework\boot\spring-boot-starter-json\2.2.6.RELEASE\spring-boot-starter-json-2.2.6.RELEASE.jar;D:\Program Files\Java\repository\com\fasterxml\jackson\datatype\jackson-datatype-jdk8\2.10.3\jackson-datatype-jdk8-2.10.3.jar;D:\Program Files\Java\repository\com\fasterxml\jackson\datatype\jackson-datatype-jsr310\2.10.3\jackson-datatype-jsr310-2.10.3.jar;D:\Program Files\Java\repository\com\fasterxml\jackson\module\jackson-module-parameter-names\2.10.3\jackson-module-parameter-names-2.10.3.jar;D:\Program Files\Java\repository\org\springframework\boot\spring-boot-starter-tomcat\2.2.6.RELEASE\spring-boot-starter-tomcat-2.2.6.RELEASE.jar;D:\Program Files\Java\repository\org\apache\tomcat\embed\tomcat-embed-core\9.0.33\tomcat-embed-core-9.0.33.jar;D:\Program Files\Java\repository\org\apache\tomcat\embed\tomcat-embed-el\9.0.33\tomcat-embed-el-9.0.33.jar;D:\Program Files\Java\repository\org\apache\tomcat\embed\tomcat-embed-websocket\9.0.33\tomcat-embed-websocket-9.0.33.jar;D:\Program Files\Java\repository\org\springframework\boot\spring-boot-starter-validation\2.2.6.RELEASE\spring-boot-starter-validation-2.2.6.RELEASE.jar;D:\Program Files\Java\repository\jakarta\validation\jakarta.validation-api\2.0.2\jakarta.validation-api-2.0.2.jar;D:\Program Files\Java\repository\org\hibernate\validator\hibernate-validator\6.0.18.Final\hibernate-validator-6.0.18.Final.jar;D:\Program Files\Java\repository\org\jboss\logging\jboss-logging\3.4.1.Final\jboss-logging-3.4.1.Final.jar;D:\Program Files\Java\repository\org\springframework\spring-web\5.2.5.RELEASE\spring-web-5.2.5.RELEASE.jar;D:\Program Files\Java\repository\org\springframework\spring-beans\5.2.5.RELEASE\spring-beans-5.2.5.RELEASE.jar;D:\Program Files\Java\repository\org\springframework\spring-webmvc\5.2.5.RELEASE\spring-webmvc-5.2.5.RELEASE.jar;D:\Program Files\Java\repository\org\springframework\spring-expression\5.2.5.RELEASE\spring-expression-5.2.5.RELEASE.jar;D:\Program Files\Java\repository\org\mybatis\spring\boot\mybatis-spring-boot-starter\2.1.2\mybatis-spring-boot-starter-2.1.2.jar;D:\Program Files\Java\repository\org\mybatis\spring\boot\mybatis-spring-boot-autoconfigure\2.1.2\mybatis-spring-boot-autoconfigure-2.1.2.jar;D:\Program Files\Java\repository\org\mybatis\mybatis\3.5.4\mybatis-3.5.4.jar;D:\Program Files\Java\repository\org\mybatis\mybatis-spring\2.0.4\mybatis-spring-2.0.4.jar;D:\Program Files\Java\repository\org\springframework\boot\spring-boot-starter-jdbc\2.2.6.RELEASE\spring-boot-starter-jdbc-2.2.6.RELEASE.jar;D:\Program Files\Java\repository\com\zaxxer\HikariCP\3.4.2\HikariCP-3.4.2.jar;D:\Program Files\Java\repository\org\springframework\spring-jdbc\5.2.5.RELEASE\spring-jdbc-5.2.5.RELEASE.jar;D:\Program Files\Java\repository\mysql\mysql-connector-java\8.0.19\mysql-connector-java-8.0.19.jar;D:\Program Files\Java\repository\org\aspectj\aspectjrt\1.9.5\aspectjrt-1.9.5.jar;D:\Program Files\Java\repository\io\springfox\springfox-swagger2\2.9.2\springfox-swagger2-2.9.2.jar;D:\Program Files\Java\repository\io\swagger\swagger-annotations\1.5.20\swagger-annotations-1.5.20.jar;D:\Program Files\Java\repository\io\swagger\swagger-models\1.5.20\swagger-models-1.5.20.jar;D:\Program Files\Java\repository\com\fasterxml\jackson\core\jackson-annotations\2.10.3\jackson-annotations-2.10.3.jar;D:\Program Files\Java\repository\io\springfox\springfox-spi\2.9.2\springfox-spi-2.9.2.jar;D:\Program Files\Java\repository\io\springfox\springfox-core\2.9.2\springfox-core-2.9.2.jar;D:\Program Files\Java\repository\io\springfox\springfox-schema\2.9.2\springfox-schema-2.9.2.jar;D:\Program Files\Java\repository\io\springfox\springfox-swagger-common\2.9.2\springfox-swagger-common-2.9.2.jar;D:\Program Files\Java\repository\io\springfox\springfox-spring-web\2.9.2\springfox-spring-web-2.9.2.jar;D:\Program Files\Java\repository\com\google\guava\guava\20.0\guava-20.0.jar;D:\Program Files\Java\repository\com\fasterxml\classmate\1.5.1\classmate-1.5.1.jar;D:\Program Files\Java\repository\org\slf4j\slf4j-api\1.7.30\slf4j-api-1.7.30.jar;D:\Program Files\Java\repository\org\springframework\plugin\spring-plugin-core\1.2.0.RELEASE\spring-plugin-core-1.2.0.RELEASE.jar;D:\Program Files\Java\repository\org\springframework\plugin\spring-plugin-metadata\1.2.0.RELEASE\spring-plugin-metadata-1.2.0.RELEASE.jar;D:\Program Files\Java\repository\org\mapstruct\mapstruct\1.2.0.Final\mapstruct-1.2.0.Final.jar;D:\Program Files\Java\repository\io\springfox\springfox-swagger-ui\2.9.2\springfox-swagger-ui-2.9.2.jar;D:\Program Files\Java\repository\org\springframework\boot\spring-boot-starter-aop\2.2.5.RELEASE\spring-boot-starter-aop-2.2.5.RELEASE.jar;D:\Program Files\Java\repository\org\springframework\spring-aop\5.2.5.RELEASE\spring-aop-5.2.5.RELEASE.jar;D:\Program Files\Java\repository\org\aspectj\aspectjweaver\1.9.5\aspectjweaver-1.9.5.jar;D:\Program Files\Java\repository\org\springframework\boot\spring-boot-starter-logging\2.2.6.RELEASE\spring-boot-starter-logging-2.2.6.RELEASE.jar;D:\Program Files\Java\repository\ch\qos\logback\logback-classic\1.2.3\logback-classic-1.2.3.jar;D:\Program Files\Java\repository\ch\qos\logback\logback-core\1.2.3\logback-core-1.2.3.jar;D:\Program Files\Java\repository\org\apache\logging\log4j\log4j-to-slf4j\2.12.1\log4j-to-slf4j-2.12.1.jar;D:\Program Files\Java\repository\org\apache\logging\log4j\log4j-api\2.12.1\log4j-api-2.12.1.jar;D:\Program Files\Java\repository\org\slf4j\jul-to-slf4j\1.7.30\jul-to-slf4j-1.7.30.jar;D:\Program Files\Java\repository\org\projectlombok\lombok\1.18.12\lombok-1.18.12.jar;D:\Program Files\Java\repository\org\springframework\boot\spring-boot-starter-test\2.2.6.RELEASE\spring-boot-starter-test-2.2.6.RELEASE.jar;D:\Program Files\Java\repository\org\springframework\boot\spring-boot-test\2.2.6.RELEASE\spring-boot-test-2.2.6.RELEASE.jar;D:\Program Files\Java\repository\org\springframework\boot\spring-boot-test-autoconfigure\2.2.6.RELEASE\spring-boot-test-autoconfigure-2.2.6.RELEASE.jar;D:\Program Files\Java\repository\com\jayway\jsonpath\json-path\2.4.0\json-path-2.4.0.jar;D:\Program Files\Java\repository\net\minidev\json-smart\2.3\json-smart-2.3.jar;D:\Program Files\Java\repository\net\minidev\accessors-smart\1.2\accessors-smart-1.2.jar;D:\Program Files\Java\repository\org\ow2\asm\asm\5.0.4\asm-5.0.4.jar;D:\Program Files\Java\repository\jakarta\xml\bind\jakarta.xml.bind-api\2.3.3\jakarta.xml.bind-api-2.3.3.jar;D:\Program Files\Java\repository\jakarta\activation\jakarta.activation-api\1.2.2\jakarta.activation-api-1.2.2.jar;D:\Program Files\Java\repository\org\junit\jupiter\junit-jupiter\5.5.2\junit-jupiter-5.5.2.jar;D:\Program Files\Java\repository\org\junit\jupiter\junit-jupiter-api\5.5.2\junit-jupiter-api-5.5.2.jar;D:\Program Files\Java\repository\org\apiguardian\apiguardian-api\1.1.0\apiguardian-api-1.1.0.jar;D:\Program Files\Java\repository\org\opentest4j\opentest4j\1.2.0\opentest4j-1.2.0.jar;D:\Program Files\Java\repository\org\junit\platform\junit-platform-commons\1.5.2\junit-platform-commons-1.5.2.jar;D:\Program Files\Java\repository\org\junit\jupiter\junit-jupiter-params\5.5.2\junit-jupiter-params-5.5.2.jar;D:\Program Files\Java\repository\org\junit\jupiter\junit-jupiter-engine\5.5.2\junit-jupiter-engine-5.5.2.jar;D:\Program Files\Java\repository\org\junit\platform\junit-platform-engine\1.5.2\junit-platform-engine-1.5.2.jar;D:\Program Files\Java\repository\org\mockito\mockito-junit-jupiter\3.1.0\mockito-junit-jupiter-3.1.0.jar;D:\Program Files\Java\repository\org\assertj\assertj-core\3.13.2\assertj-core-3.13.2.jar;D:\Program Files\Java\repository\org\hamcrest\hamcrest\2.1\hamcrest-2.1.jar;D:\Program Files\Java\repository\org\mockito\mockito-core\3.1.0\mockito-core-3.1.0.jar;D:\Program Files\Java\repository\net\bytebuddy\byte-buddy\1.10.8\byte-buddy-1.10.8.jar;D:\Program Files\Java\repository\net\bytebuddy\byte-buddy-agent\1.10.8\byte-buddy-agent-1.10.8.jar;D:\Program Files\Java\repository\org\objenesis\objenesis\2.6\objenesis-2.6.jar;D:\Program Files\Java\repository\org\skyscreamer\jsonassert\1.5.0\jsonassert-1.5.0.jar;D:\Program Files\Java\repository\com\vaadin\external\google\android-json\0.0.20131108.vaadin1\android-json-0.0.20131108.vaadin1.jar;D:\Program Files\Java\repository\org\springframework\spring-core\5.2.5.RELEASE\spring-core-5.2.5.RELEASE.jar;D:\Program Files\Java\repository\org\springframework\spring-jcl\5.2.5.RELEASE\spring-jcl-5.2.5.RELEASE.jar;D:\Program Files\Java\repository\org\springframework\spring-test\5.2.5.RELEASE\spring-test-5.2.5.RELEASE.jar;D:\Program Files\Java\repository\org\xmlunit\xmlunit-core\2.6.4\xmlunit-core-2.6.4.jar;"/>
    <property name="java.vm.vendor" value="Oracle Corporation"/>
    <property name="sun.arch.data.model" value="64"/>
    <property name="user.variant" value=""/>
    <property name="java.vendor.url" value="http://java.oracle.com/"/>
    <property name="user.timezone" value="Asia/Shanghai"/>
    <property name="java.vm.specification.version" value="1.8"/>
    <property name="os.name" value="Windows 10"/>
    <property name="user.country" value="CN"/>
    <property name="sun.java.launcher" value="SUN_STANDARD"/>
    <property name="sun.boot.library.path" value="D:\Program Files\Java\jdk1.8.0_241\jre\bin"/>
    <property name="sun.java.command" value="C:\Users\zyusi\AppData\Local\Temp\surefire8928449921626597126\surefirebooter1223772083319465835.jar C:\Users\zyusi\AppData\Local\Temp\surefire8928449921626597126 2020-04-11T23-19-14_497-jvmRun1 surefire3785558159577369776tmp surefire_01722542921237502380tmp"/>
    <property name="surefire.test.class.path" value="D:\IdeaProjects\Spring-Boot_cache\target\test-classes;D:\IdeaProjects\Spring-Boot_cache\target\classes;D:\Program Files\Java\repository\org\springframework\boot\spring-boot-starter-data-redis\2.2.6.RELEASE\spring-boot-starter-data-redis-2.2.6.RELEASE.jar;D:\Program Files\Java\repository\org\springframework\boot\spring-boot-starter\2.2.6.RELEASE\spring-boot-starter-2.2.6.RELEASE.jar;D:\Program Files\Java\repository\org\springframework\boot\spring-boot\2.2.6.RELEASE\spring-boot-2.2.6.RELEASE.jar;D:\Program Files\Java\repository\org\springframework\boot\spring-boot-autoconfigure\2.2.6.RELEASE\spring-boot-autoconfigure-2.2.6.RELEASE.jar;D:\Program Files\Java\repository\jakarta\annotation\jakarta.annotation-api\1.3.5\jakarta.annotation-api-1.3.5.jar;D:\Program Files\Java\repository\org\yaml\snakeyaml\1.25\snakeyaml-1.25.jar;D:\Program Files\Java\repository\org\springframework\data\spring-data-redis\2.2.6.RELEASE\spring-data-redis-2.2.6.RELEASE.jar;D:\Program Files\Java\repository\org\springframework\data\spring-data-keyvalue\2.2.6.RELEASE\spring-data-keyvalue-2.2.6.RELEASE.jar;D:\Program Files\Java\repository\org\springframework\spring-tx\5.2.5.RELEASE\spring-tx-5.2.5.RELEASE.jar;D:\Program Files\Java\repository\org\springframework\spring-oxm\5.2.5.RELEASE\spring-oxm-5.2.5.RELEASE.jar;D:\Program Files\Java\repository\org\springframework\spring-context-support\5.2.5.RELEASE\spring-context-support-5.2.5.RELEASE.jar;D:\Program Files\Java\repository\io\lettuce\lettuce-core\5.2.2.RELEASE\lettuce-core-5.2.2.RELEASE.jar;D:\Program Files\Java\repository\io\netty\netty-common\4.1.48.Final\netty-common-4.1.48.Final.jar;D:\Program Files\Java\repository\io\netty\netty-handler\4.1.48.Final\netty-handler-4.1.48.Final.jar;D:\Program Files\Java\repository\io\netty\netty-resolver\4.1.48.Final\netty-resolver-4.1.48.Final.jar;D:\Program Files\Java\repository\io\netty\netty-buffer\4.1.48.Final\netty-buffer-4.1.48.Final.jar;D:\Program Files\Java\repository\io\netty\netty-codec\4.1.48.Final\netty-codec-4.1.48.Final.jar;D:\Program Files\Java\repository\io\netty\netty-transport\4.1.48.Final\netty-transport-4.1.48.Final.jar;D:\Program Files\Java\repository\io\projectreactor\reactor-core\3.3.4.RELEASE\reactor-core-3.3.4.RELEASE.jar;D:\Program Files\Java\repository\org\reactivestreams\reactive-streams\1.0.3\reactive-streams-1.0.3.jar;D:\Program Files\Java\repository\org\springframework\boot\spring-boot-starter-data-elasticsearch\2.2.6.RELEASE\spring-boot-starter-data-elasticsearch-2.2.6.RELEASE.jar;D:\Program Files\Java\repository\org\springframework\data\spring-data-elasticsearch\3.2.6.RELEASE\spring-data-elasticsearch-3.2.6.RELEASE.jar;D:\Program Files\Java\repository\org\springframework\spring-context\5.2.5.RELEASE\spring-context-5.2.5.RELEASE.jar;D:\Program Files\Java\repository\org\springframework\data\spring-data-commons\2.2.6.RELEASE\spring-data-commons-2.2.6.RELEASE.jar;D:\Program Files\Java\repository\joda-time\joda-time\2.10.5\joda-time-2.10.5.jar;D:\Program Files\Java\repository\org\elasticsearch\client\transport\6.8.7\transport-6.8.7.jar;D:\Program Files\Java\repository\org\elasticsearch\elasticsearch\6.8.7\elasticsearch-6.8.7.jar;D:\Program Files\Java\repository\org\elasticsearch\elasticsearch-core\6.8.7\elasticsearch-core-6.8.7.jar;D:\Program Files\Java\repository\org\elasticsearch\elasticsearch-secure-sm\6.8.7\elasticsearch-secure-sm-6.8.7.jar;D:\Program Files\Java\repository\org\elasticsearch\elasticsearch-x-content\6.8.7\elasticsearch-x-content-6.8.7.jar;D:\Program Files\Java\repository\com\fasterxml\jackson\dataformat\jackson-dataformat-smile\2.10.3\jackson-dataformat-smile-2.10.3.jar;D:\Program Files\Java\repository\com\fasterxml\jackson\dataformat\jackson-dataformat-yaml\2.10.3\jackson-dataformat-yaml-2.10.3.jar;D:\Program Files\Java\repository\com\fasterxml\jackson\dataformat\jackson-dataformat-cbor\2.10.3\jackson-dataformat-cbor-2.10.3.jar;D:\Program Files\Java\repository\org\apache\lucene\lucene-core\7.7.2\lucene-core-7.7.2.jar;D:\Program Files\Java\repository\org\apache\lucene\lucene-analyzers-common\7.7.2\lucene-analyzers-common-7.7.2.jar;D:\Program Files\Java\repository\org\apache\lucene\lucene-backward-codecs\7.7.2\lucene-backward-codecs-7.7.2.jar;D:\Program Files\Java\repository\org\apache\lucene\lucene-grouping\7.7.2\lucene-grouping-7.7.2.jar;D:\Program Files\Java\repository\org\apache\lucene\lucene-highlighter\7.7.2\lucene-highlighter-7.7.2.jar;D:\Program Files\Java\repository\org\apache\lucene\lucene-join\7.7.2\lucene-join-7.7.2.jar;D:\Program Files\Java\repository\org\apache\lucene\lucene-memory\7.7.2\lucene-memory-7.7.2.jar;D:\Program Files\Java\repository\org\apache\lucene\lucene-misc\7.7.2\lucene-misc-7.7.2.jar;D:\Program Files\Java\repository\org\apache\lucene\lucene-queries\7.7.2\lucene-queries-7.7.2.jar;D:\Program Files\Java\repository\org\apache\lucene\lucene-queryparser\7.7.2\lucene-queryparser-7.7.2.jar;D:\Program Files\Java\repository\org\apache\lucene\lucene-sandbox\7.7.2\lucene-sandbox-7.7.2.jar;D:\Program Files\Java\repository\org\apache\lucene\lucene-spatial\7.7.2\lucene-spatial-7.7.2.jar;D:\Program Files\Java\repository\org\apache\lucene\lucene-spatial-extras\7.7.2\lucene-spatial-extras-7.7.2.jar;D:\Program Files\Java\repository\org\apache\lucene\lucene-spatial3d\7.7.2\lucene-spatial3d-7.7.2.jar;D:\Program Files\Java\repository\org\apache\lucene\lucene-suggest\7.7.2\lucene-suggest-7.7.2.jar;D:\Program Files\Java\repository\org\elasticsearch\elasticsearch-cli\6.8.7\elasticsearch-cli-6.8.7.jar;D:\Program Files\Java\repository\net\sf\jopt-simple\jopt-simple\5.0.2\jopt-simple-5.0.2.jar;D:\Program Files\Java\repository\com\carrotsearch\hppc\0.7.1\hppc-0.7.1.jar;D:\Program Files\Java\repository\com\tdunning\t-digest\3.2\t-digest-3.2.jar;D:\Program Files\Java\repository\org\hdrhistogram\HdrHistogram\2.1.9\HdrHistogram-2.1.9.jar;D:\Program Files\Java\repository\org\elasticsearch\jna\4.5.1\jna-4.5.1.jar;D:\Program Files\Java\repository\org\elasticsearch\plugin\reindex-client\6.8.7\reindex-client-6.8.7.jar;D:\Program Files\Java\repository\org\elasticsearch\elasticsearch-ssl-config\6.8.7\elasticsearch-ssl-config-6.8.7.jar;D:\Program Files\Java\repository\org\elasticsearch\plugin\lang-mustache-client\6.8.7\lang-mustache-client-6.8.7.jar;D:\Program Files\Java\repository\com\github\spullara\mustache\java\compiler\0.9.3\compiler-0.9.3.jar;D:\Program Files\Java\repository\org\elasticsearch\plugin\percolator-client\6.8.7\percolator-client-6.8.7.jar;D:\Program Files\Java\repository\org\elasticsearch\plugin\parent-join-client\6.8.7\parent-join-client-6.8.7.jar;D:\Program Files\Java\repository\org\elasticsearch\plugin\rank-eval-client\6.8.7\rank-eval-client-6.8.7.jar;D:\Program Files\Java\repository\org\elasticsearch\plugin\transport-netty4-client\6.8.7\transport-netty4-client-6.8.7.jar;D:\Program Files\Java\repository\io\netty\netty-codec-http\4.1.48.Final\netty-codec-http-4.1.48.Final.jar;D:\Program Files\Java\repository\org\elasticsearch\client\elasticsearch-rest-high-level-client\6.8.7\elasticsearch-rest-high-level-client-6.8.7.jar;D:\Program Files\Java\repository\org\elasticsearch\client\elasticsearch-rest-client\6.8.7\elasticsearch-rest-client-6.8.7.jar;D:\Program Files\Java\repository\org\apache\httpcomponents\httpclient\4.5.12\httpclient-4.5.12.jar;D:\Program Files\Java\repository\org\apache\httpcomponents\httpcore\4.4.13\httpcore-4.4.13.jar;D:\Program Files\Java\repository\org\apache\httpcomponents\httpasyncclient\4.1.4\httpasyncclient-4.1.4.jar;D:\Program Files\Java\repository\org\apache\httpcomponents\httpcore-nio\4.4.13\httpcore-nio-4.4.13.jar;D:\Program Files\Java\repository\commons-codec\commons-codec\1.13\commons-codec-1.13.jar;D:\Program Files\Java\repository\org\elasticsearch\plugin\aggs-matrix-stats-client\6.8.7\aggs-matrix-stats-client-6.8.7.jar;D:\Program Files\Java\repository\com\fasterxml\jackson\core\jackson-core\2.10.3\jackson-core-2.10.3.jar;D:\Program Files\Java\repository\com\fasterxml\jackson\core\jackson-databind\2.10.3\jackson-databind-2.10.3.jar;D:\Program Files\Java\repository\org\springframework\boot\spring-boot-starter-web\2.2.6.RELEASE\spring-boot-starter-web-2.2.6.RELEASE.jar;D:\Program Files\Java\repository\org\springframework\boot\spring-boot-starter-json\2.2.6.RELEASE\spring-boot-starter-json-2.2.6.RELEASE.jar;D:\Program Files\Java\repository\com\fasterxml\jackson\datatype\jackson-datatype-jdk8\2.10.3\jackson-datatype-jdk8-2.10.3.jar;D:\Program Files\Java\repository\com\fasterxml\jackson\datatype\jackson-datatype-jsr310\2.10.3\jackson-datatype-jsr310-2.10.3.jar;D:\Program Files\Java\repository\com\fasterxml\jackson\module\jackson-module-parameter-names\2.10.3\jackson-module-parameter-names-2.10.3.jar;D:\Program Files\Java\repository\org\springframework\boot\spring-boot-starter-tomcat\2.2.6.RELEASE\spring-boot-starter-tomcat-2.2.6.RELEASE.jar;D:\Program Files\Java\repository\org\apache\tomcat\embed\tomcat-embed-core\9.0.33\tomcat-embed-core-9.0.33.jar;D:\Program Files\Java\repository\org\apache\tomcat\embed\tomcat-embed-el\9.0.33\tomcat-embed-el-9.0.33.jar;D:\Program Files\Java\repository\org\apache\tomcat\embed\tomcat-embed-websocket\9.0.33\tomcat-embed-websocket-9.0.33.jar;D:\Program Files\Java\repository\org\springframework\boot\spring-boot-starter-validation\2.2.6.RELEASE\spring-boot-starter-validation-2.2.6.RELEASE.jar;D:\Program Files\Java\repository\jakarta\validation\jakarta.validation-api\2.0.2\jakarta.validation-api-2.0.2.jar;D:\Program Files\Java\repository\org\hibernate\validator\hibernate-validator\6.0.18.Final\hibernate-validator-6.0.18.Final.jar;D:\Program Files\Java\repository\org\jboss\logging\jboss-logging\3.4.1.Final\jboss-logging-3.4.1.Final.jar;D:\Program Files\Java\repository\org\springframework\spring-web\5.2.5.RELEASE\spring-web-5.2.5.RELEASE.jar;D:\Program Files\Java\repository\org\springframework\spring-beans\5.2.5.RELEASE\spring-beans-5.2.5.RELEASE.jar;D:\Program Files\Java\repository\org\springframework\spring-webmvc\5.2.5.RELEASE\spring-webmvc-5.2.5.RELEASE.jar;D:\Program Files\Java\repository\org\springframework\spring-expression\5.2.5.RELEASE\spring-expression-5.2.5.RELEASE.jar;D:\Program Files\Java\repository\org\mybatis\spring\boot\mybatis-spring-boot-starter\2.1.2\mybatis-spring-boot-starter-2.1.2.jar;D:\Program Files\Java\repository\org\mybatis\spring\boot\mybatis-spring-boot-autoconfigure\2.1.2\mybatis-spring-boot-autoconfigure-2.1.2.jar;D:\Program Files\Java\repository\org\mybatis\mybatis\3.5.4\mybatis-3.5.4.jar;D:\Program Files\Java\repository\org\mybatis\mybatis-spring\2.0.4\mybatis-spring-2.0.4.jar;D:\Program Files\Java\repository\org\springframework\boot\spring-boot-starter-jdbc\2.2.6.RELEASE\spring-boot-starter-jdbc-2.2.6.RELEASE.jar;D:\Program Files\Java\repository\com\zaxxer\HikariCP\3.4.2\HikariCP-3.4.2.jar;D:\Program Files\Java\repository\org\springframework\spring-jdbc\5.2.5.RELEASE\spring-jdbc-5.2.5.RELEASE.jar;D:\Program Files\Java\repository\mysql\mysql-connector-java\8.0.19\mysql-connector-java-8.0.19.jar;D:\Program Files\Java\repository\org\aspectj\aspectjrt\1.9.5\aspectjrt-1.9.5.jar;D:\Program Files\Java\repository\io\springfox\springfox-swagger2\2.9.2\springfox-swagger2-2.9.2.jar;D:\Program Files\Java\repository\io\swagger\swagger-annotations\1.5.20\swagger-annotations-1.5.20.jar;D:\Program Files\Java\repository\io\swagger\swagger-models\1.5.20\swagger-models-1.5.20.jar;D:\Program Files\Java\repository\com\fasterxml\jackson\core\jackson-annotations\2.10.3\jackson-annotations-2.10.3.jar;D:\Program Files\Java\repository\io\springfox\springfox-spi\2.9.2\springfox-spi-2.9.2.jar;D:\Program Files\Java\repository\io\springfox\springfox-core\2.9.2\springfox-core-2.9.2.jar;D:\Program Files\Java\repository\io\springfox\springfox-schema\2.9.2\springfox-schema-2.9.2.jar;D:\Program Files\Java\repository\io\springfox\springfox-swagger-common\2.9.2\springfox-swagger-common-2.9.2.jar;D:\Program Files\Java\repository\io\springfox\springfox-spring-web\2.9.2\springfox-spring-web-2.9.2.jar;D:\Program Files\Java\repository\com\google\guava\guava\20.0\guava-20.0.jar;D:\Program Files\Java\repository\com\fasterxml\classmate\1.5.1\classmate-1.5.1.jar;D:\Program Files\Java\repository\org\slf4j\slf4j-api\1.7.30\slf4j-api-1.7.30.jar;D:\Program Files\Java\repository\org\springframework\plugin\spring-plugin-core\1.2.0.RELEASE\spring-plugin-core-1.2.0.RELEASE.jar;D:\Program Files\Java\repository\org\springframework\plugin\spring-plugin-metadata\1.2.0.RELEASE\spring-plugin-metadata-1.2.0.RELEASE.jar;D:\Program Files\Java\repository\org\mapstruct\mapstruct\1.2.0.Final\mapstruct-1.2.0.Final.jar;D:\Program Files\Java\repository\io\springfox\springfox-swagger-ui\2.9.2\springfox-swagger-ui-2.9.2.jar;D:\Program Files\Java\repository\org\springframework\boot\spring-boot-starter-aop\2.2.5.RELEASE\spring-boot-starter-aop-2.2.5.RELEASE.jar;D:\Program Files\Java\repository\org\springframework\spring-aop\5.2.5.RELEASE\spring-aop-5.2.5.RELEASE.jar;D:\Program Files\Java\repository\org\aspectj\aspectjweaver\1.9.5\aspectjweaver-1.9.5.jar;D:\Program Files\Java\repository\org\springframework\boot\spring-boot-starter-logging\2.2.6.RELEASE\spring-boot-starter-logging-2.2.6.RELEASE.jar;D:\Program Files\Java\repository\ch\qos\logback\logback-classic\1.2.3\logback-classic-1.2.3.jar;D:\Program Files\Java\repository\ch\qos\logback\logback-core\1.2.3\logback-core-1.2.3.jar;D:\Program Files\Java\repository\org\apache\logging\log4j\log4j-to-slf4j\2.12.1\log4j-to-slf4j-2.12.1.jar;D:\Program Files\Java\repository\org\apache\logging\log4j\log4j-api\2.12.1\log4j-api-2.12.1.jar;D:\Program Files\Java\repository\org\slf4j\jul-to-slf4j\1.7.30\jul-to-slf4j-1.7.30.jar;D:\Program Files\Java\repository\org\projectlombok\lombok\1.18.12\lombok-1.18.12.jar;D:\Program Files\Java\repository\org\springframework\boot\spring-boot-starter-test\2.2.6.RELEASE\spring-boot-starter-test-2.2.6.RELEASE.jar;D:\Program Files\Java\repository\org\springframework\boot\spring-boot-test\2.2.6.RELEASE\spring-boot-test-2.2.6.RELEASE.jar;D:\Program Files\Java\repository\org\springframework\boot\spring-boot-test-autoconfigure\2.2.6.RELEASE\spring-boot-test-autoconfigure-2.2.6.RELEASE.jar;D:\Program Files\Java\repository\com\jayway\jsonpath\json-path\2.4.0\json-path-2.4.0.jar;D:\Program Files\Java\repository\net\minidev\json-smart\2.3\json-smart-2.3.jar;D:\Program Files\Java\repository\net\minidev\accessors-smart\1.2\accessors-smart-1.2.jar;D:\Program Files\Java\repository\org\ow2\asm\asm\5.0.4\asm-5.0.4.jar;D:\Program Files\Java\repository\jakarta\xml\bind\jakarta.xml.bind-api\2.3.3\jakarta.xml.bind-api-2.3.3.jar;D:\Program Files\Java\repository\jakarta\activation\jakarta.activation-api\1.2.2\jakarta.activation-api-1.2.2.jar;D:\Program Files\Java\repository\org\junit\jupiter\junit-jupiter\5.5.2\junit-jupiter-5.5.2.jar;D:\Program Files\Java\repository\org\junit\jupiter\junit-jupiter-api\5.5.2\junit-jupiter-api-5.5.2.jar;D:\Program Files\Java\repository\org\apiguardian\apiguardian-api\1.1.0\apiguardian-api-1.1.0.jar;D:\Program Files\Java\repository\org\opentest4j\opentest4j\1.2.0\opentest4j-1.2.0.jar;D:\Program Files\Java\repository\org\junit\platform\junit-platform-commons\1.5.2\junit-platform-commons-1.5.2.jar;D:\Program Files\Java\repository\org\junit\jupiter\junit-jupiter-params\5.5.2\junit-jupiter-params-5.5.2.jar;D:\Program Files\Java\repository\org\junit\jupiter\junit-jupiter-engine\5.5.2\junit-jupiter-engine-5.5.2.jar;D:\Program Files\Java\repository\org\junit\platform\junit-platform-engine\1.5.2\junit-platform-engine-1.5.2.jar;D:\Program Files\Java\repository\org\mockito\mockito-junit-jupiter\3.1.0\mockito-junit-jupiter-3.1.0.jar;D:\Program Files\Java\repository\org\assertj\assertj-core\3.13.2\assertj-core-3.13.2.jar;D:\Program Files\Java\repository\org\hamcrest\hamcrest\2.1\hamcrest-2.1.jar;D:\Program Files\Java\repository\org\mockito\mockito-core\3.1.0\mockito-core-3.1.0.jar;D:\Program Files\Java\repository\net\bytebuddy\byte-buddy\1.10.8\byte-buddy-1.10.8.jar;D:\Program Files\Java\repository\net\bytebuddy\byte-buddy-agent\1.10.8\byte-buddy-agent-1.10.8.jar;D:\Program Files\Java\repository\org\objenesis\objenesis\2.6\objenesis-2.6.jar;D:\Program Files\Java\repository\org\skyscreamer\jsonassert\1.5.0\jsonassert-1.5.0.jar;D:\Program Files\Java\repository\com\vaadin\external\google\android-json\0.0.20131108.vaadin1\android-json-0.0.20131108.vaadin1.jar;D:\Program Files\Java\repository\org\springframework\spring-core\5.2.5.RELEASE\spring-core-5.2.5.RELEASE.jar;D:\Program Files\Java\repository\org\springframework\spring-jcl\5.2.5.RELEASE\spring-jcl-5.2.5.RELEASE.jar;D:\Program Files\Java\repository\org\springframework\spring-test\5.2.5.RELEASE\spring-test-5.2.5.RELEASE.jar;D:\Program Files\Java\repository\org\xmlunit\xmlunit-core\2.6.4\xmlunit-core-2.6.4.jar;"/>
    <property name="sun.cpu.endian" value="little"/>
    <property name="user.home" value="C:\Users\zyusi"/>
    <property name="user.language" value="zh"/>
    <property name="java.specification.vendor" value="Oracle Corporation"/>
    <property name="java.home" value="D:\Program Files\Java\jdk1.8.0_241\jre"/>
    <property name="basedir" value="D:\IdeaProjects\Spring-Boot_cache"/>
    <property name="file.separator" value="\"/>
    <property name="line.separator" value="&#10;"/>
    <property name="java.vm.specification.vendor" value="Oracle Corporation"/>
    <property name="java.specification.name" value="Java Platform API Specification"/>
    <property name="java.awt.graphicsenv" value="sun.awt.Win32GraphicsEnvironment"/>
    <property name="surefire.real.class.path" value="C:\Users\zyusi\AppData\Local\Temp\surefire8928449921626597126\surefirebooter1223772083319465835.jar"/>
    <property name="sun.boot.class.path" value="D:\Program Files\Java\jdk1.8.0_241\jre\lib\resources.jar;D:\Program Files\Java\jdk1.8.0_241\jre\lib\rt.jar;D:\Program Files\Java\jdk1.8.0_241\jre\lib\sunrsasign.jar;D:\Program Files\Java\jdk1.8.0_241\jre\lib\jsse.jar;D:\Program Files\Java\jdk1.8.0_241\jre\lib\jce.jar;D:\Program Files\Java\jdk1.8.0_241\jre\lib\charsets.jar;D:\Program Files\Java\jdk1.8.0_241\jre\lib\jfr.jar;D:\Program Files\Java\jdk1.8.0_241\jre\classes"/>
    <property name="user.script" value=""/>
    <property name="sun.management.compiler" value="HotSpot 64-Bit Tiered Compilers"/>
    <property name="java.runtime.version" value="1.8.0_241-b07"/>
    <property name="user.name" value="Zhu.bun"/>
    <property name="path.separator" value=";"/>
    <property name="os.version" value="10.0"/>
    <property name="java.endorsed.dirs" value="D:\Program Files\Java\jdk1.8.0_241\jre\lib\endorsed"/>
    <property name="java.runtime.name" value="Java(TM) SE Runtime Environment"/>
    <property name="file.encoding" value="GBK"/>
    <property name="java.vm.name" value="Java HotSpot(TM) 64-Bit Server VM"/>
    <property name="localRepository" value="D:\Program Files\Java\repository"/>
    <property name="java.vendor.url.bug" value="http://bugreport.sun.com/bugreport/"/>
    <property name="java.io.tmpdir" value="C:\Users\zyusi\AppData\Local\Temp\"/>
    <property name="java.version" value="1.8.0_241"/>
    <property name="user.dir" value="D:\IdeaProjects\Spring-Boot_cache"/>
    <property name="os.arch" value="amd64"/>
    <property name="java.vm.specification.name" value="Java Virtual Machine Specification"/>
    <property name="java.awt.printerjob" value="sun.awt.windows.WPrinterJob"/>
    <property name="sun.os.patch.level" value=""/>
    <property name="idea.version2019.3.3" value="true"/>
    <property name="java.library.path" value="D:\Program Files\Java\jdk1.8.0_241\jre\bin;C:\Windows\Sun\Java\bin;C:\Windows\system32;C:\Windows;C:\Program Files (x86)\Razer\ChromaBroadcast\bin;C:\Program Files\Razer\ChromaBroadcast\bin;C:\Windows\system32;C:\Windows;C:\Windows\System32\Wbem;C:\Windows\System32\WindowsPowerShell\v1.0\;C:\Windows\System32\OpenSSH\;C:\Program Files (x86)\NVIDIA Corporation\PhysX\Common;C:\Program Files\NVIDIA Corporation\NVIDIA NvDLISR;D:\Python\Python37\Scripts\;D:\Python\Python37;C:\Windows\system32\config\systemprofile\AppData\Local\Microsoft\WindowsApps;D:\Program Files\Java\jdk-13.0.1\bin;D:\Program Files\Java\jdk-13.0.1\jre\bin;C:\Program Files\MySQL\MySQL Server 5.7\bin;D:\Program Files\Java\apache-tomcat-9.0.31\bin;D:\Program Files\Java\apache-maven-3.6.3\bin;D:\Program Files\Java\Git\cmd;D:\Python\Python37\Scripts\;D:\Python\Python37\;C:\Users\zyusi\AppData\Local\Microsoft\WindowsApps;d:\Microsoft VS Code\bin;d:\Program Files\Bandizip\;d:\Program Files\JetBrains\IntelliJ IDEA 2019.3.3\bin;;."/>
    <property name="java.vm.info" value="mixed mode"/>
    <property name="java.vendor" value="Oracle Corporation"/>
    <property name="java.vm.version" value="25.241-b07"/>
    <property name="java.ext.dirs" value="D:\Program Files\Java\jdk1.8.0_241\jre\lib\ext;C:\Windows\Sun\Java\lib\ext"/>
    <property name="sun.io.unicode.encoding" value="UnicodeLittle"/>
    <property name="maven.repo.local" value="D:\Program Files\Java\repository"/>
    <property name="java.class.version" value="52.0"/>
  </properties>
  <testcase name="contextLoads" classname="com.zhubun.spring_cache.SpringCacheApplicationTests" time="0.017"/>
</testsuite>